[debug] [2023-09-26T18:56:54.314Z] ----------------------------------------------------------------------
[debug] [2023-09-26T18:56:54.318Z] Command:       C:\Program Files\nodejs\node.exe C:\Users\arjun\AppData\Roaming\npm\node_modules\firebase-tools\lib\bin\firebase.js init
[debug] [2023-09-26T18:56:54.318Z] CLI Version:   12.5.4
[debug] [2023-09-26T18:56:54.319Z] Platform:      win32
[debug] [2023-09-26T18:56:54.319Z] Node Version:  v18.13.0
[debug] [2023-09-26T18:56:54.321Z] Time:          Wed Sep 27 2023 00:26:54 GMT+0530 (India Standard Time)
[debug] [2023-09-26T18:56:54.321Z] ----------------------------------------------------------------------
[debug] 
[debug] [2023-09-26T18:56:54.448Z] > command requires scopes: ["email","openid","https://www.googleapis.com/auth/cloudplatformprojects.readonly","https://www.googleapis.com/auth/firebase","https://www.googleapis.com/auth/cloud-platform"]
[debug] [2023-09-26T18:56:54.449Z] > authorizing via signed-in user (arjun219207choudhary@gmail.com)
[info] 
     ######## #### ########  ######## ########     ###     ######  ########
     ##        ##  ##     ## ##       ##     ##  ##   ##  ##       ##
     ######    ##  ########  ######   ########  #########  ######  ######
     ##        ##  ##    ##  ##       ##     ## ##     ##       ## ##
     ##       #### ##     ## ######## ########  ##     ##  ######  ########

You're about to initialize a Firebase project in this directory:

  D:\2023 Projects\My Projects\weatherapp

Before we get started, keep in mind:

  * You are initializing within an existing Firebase project directory

[info] 
=== Project Setup
[info] 
[info] First, let's associate this project directory with a Firebase project.
[info] You can create multiple project aliases by running firebase use --add, 
[info] but for now we'll just set up a default project.
[info] 
[debug] [2023-09-26T18:57:00.296Z] Using project from CLI flag: crudapp1-6bdae
[debug] [2023-09-26T18:57:00.299Z] >>> [apiv2][query] GET https://firebase.googleapis.com/v1beta1/projects/crudapp1-6bdae [none]
[debug] [2023-09-26T18:57:01.174Z] <<< [apiv2][status] GET https://firebase.googleapis.com/v1beta1/projects/crudapp1-6bdae 200
[debug] [2023-09-26T18:57:01.174Z] <<< [apiv2][body] GET https://firebase.googleapis.com/v1beta1/projects/crudapp1-6bdae {"projectId":"crudapp1-6bdae","projectNumber":"1035535857473","displayName":"crudapp1","name":"projects/crudapp1-6bdae","resources":{"hostingSite":"crudapp1-6bdae","storageBucket":"crudapp1-6bdae.appspot.com","locationId":"asia-south1"},"state":"ACTIVE","etag":"1_30f5b17a-ce9b-4ba9-b721-196e3d253aff"}
[info] i  Using project crudapp1-6bdae (crudapp1) 
[info] 
=== Hosting Setup
